<?xml version="1.0" encoding="UTF-8"?>
<testsuite xmlns:xsi="http://www.w3.org/2001/XMLSchema-instance" xsi:noNamespaceSchemaLocation="https://maven.apache.org/surefire/maven-surefire-plugin/xsd/surefire-test-report-3.0.xsd" version="3.0" name="org.acme.quarkus.rxia.deployment.GreetingTest" time="7.667" tests="1" errors="0" skipped="0" failures="0">
  <properties>
    <property name="gopherProxySet" value="false"/>
    <property name="awt.toolkit" value="sun.lwawt.macosx.LWCToolkit"/>
    <property name="java.specification.version" value="11"/>
    <property name="sun.cpu.isalist" value=""/>
    <property name="sun.jnu.encoding" value="UTF-8"/>
    <property name="java.class.path" value="/Users/yuxiangxia/projects/quarkus-rxia/deployment/target/test-classes:/Users/yuxiangxia/projects/quarkus-rxia/deployment/target/classes:/Users/yuxiangxia/.m2/repository/io/quarkus/quarkus-core-deployment/1.9.2.Final/quarkus-core-deployment-1.9.2.Final.jar:/Users/yuxiangxia/.m2/repository/org/wildfly/common/wildfly-common/1.5.4.Final-format-001/wildfly-common-1.5.4.Final-format-001.jar:/Users/yuxiangxia/.m2/repository/io/quarkus/gizmo/gizmo/1.0.4.Final/gizmo-1.0.4.Final.jar:/Users/yuxiangxia/.m2/repository/org/ow2/asm/asm-util/8.0.1/asm-util-8.0.1.jar:/Users/yuxiangxia/.m2/repository/org/ow2/asm/asm-tree/8.0.1/asm-tree-8.0.1.jar:/Users/yuxiangxia/.m2/repository/org/ow2/asm/asm-analysis/8.0.1/asm-analysis-8.0.1.jar:/Users/yuxiangxia/.m2/repository/org/jboss/jandex/2.2.1.Final/jandex-2.2.1.Final.jar:/Users/yuxiangxia/.m2/repository/org/ow2/asm/asm/8.0.1/asm-8.0.1.jar:/Users/yuxiangxia/.m2/repository/io/quarkus/quarkus-development-mode-spi/1.9.2.Final/quarkus-development-mode-spi-1.9.2.Final.jar:/Users/yuxiangxia/.m2/repository/io/quarkus/quarkus-bootstrap-core/1.9.2.Final/quarkus-bootstrap-core-1.9.2.Final.jar:/Users/yuxiangxia/.m2/repository/io/quarkus/quarkus-bootstrap-app-model/1.9.2.Final/quarkus-bootstrap-app-model-1.9.2.Final.jar:/Users/yuxiangxia/.m2/repository/io/quarkus/quarkus-bootstrap-maven-resolver/1.9.2.Final/quarkus-bootstrap-maven-resolver-1.9.2.Final.jar:/Users/yuxiangxia/.m2/repository/org/apache/maven/maven-embedder/3.6.3/maven-embedder-3.6.3.jar:/Users/yuxiangxia/.m2/repository/org/apache/maven/maven-settings/3.6.3/maven-settings-3.6.3.jar:/Users/yuxiangxia/.m2/repository/org/apache/maven/maven-core/3.6.3/maven-core-3.6.3.jar:/Users/yuxiangxia/.m2/repository/org/apache/maven/maven-artifact/3.6.3/maven-artifact-3.6.3.jar:/Users/yuxiangxia/.m2/repository/org/codehaus/plexus/plexus-component-annotations/2.1.0/plexus-component-annotations-2.1.0.jar:/Users/yuxiangxia/.m2/repository/org/apache/maven/maven-plugin-api/3.6.3/maven-plugin-api-3.6.3.jar:/Users/yuxiangxia/.m2/repository/org/apache/maven/maven-model/3.6.3/maven-model-3.6.3.jar:/Users/yuxiangxia/.m2/repository/org/apache/maven/maven-model-builder/3.6.3/maven-model-builder-3.6.3.jar:/Users/yuxiangxia/.m2/repository/org/apache/maven/maven-builder-support/3.6.3/maven-builder-support-3.6.3.jar:/Users/yuxiangxia/.m2/repository/org/apache/maven/resolver/maven-resolver-api/1.4.1/maven-resolver-api-1.4.1.jar:/Users/yuxiangxia/.m2/repository/org/apache/maven/resolver/maven-resolver-util/1.4.1/maven-resolver-util-1.4.1.jar:/Users/yuxiangxia/.m2/repository/org/apache/maven/shared/maven-shared-utils/3.2.1/maven-shared-utils-3.2.1.jar:/Users/yuxiangxia/.m2/repository/commons-io/commons-io/2.8.0/commons-io-2.8.0.jar:/Users/yuxiangxia/.m2/repository/com/google/inject/guice/4.2.1/guice-4.2.1-no_aop.jar:/Users/yuxiangxia/.m2/repository/com/google/guava/guava/29.0-jre/guava-29.0-jre.jar:/Users/yuxiangxia/.m2/repository/com/google/guava/failureaccess/1.0.1/failureaccess-1.0.1.jar:/Users/yuxiangxia/.m2/repository/com/google/guava/listenablefuture/9999.0-empty-to-avoid-conflict-with-guava/listenablefuture-9999.0-empty-to-avoid-conflict-with-guava.jar:/Users/yuxiangxia/.m2/repository/org/codehaus/plexus/plexus-utils/3.2.1/plexus-utils-3.2.1.jar:/Users/yuxiangxia/.m2/repository/org/codehaus/plexus/plexus-classworlds/2.6.0/plexus-classworlds-2.6.0.jar:/Users/yuxiangxia/.m2/repository/commons-cli/commons-cli/1.4/commons-cli-1.4.jar:/Users/yuxiangxia/.m2/repository/org/eclipse/sisu/org.eclipse.sisu.plexus/0.3.4/org.eclipse.sisu.plexus-0.3.4.jar:/Users/yuxiangxia/.m2/repository/org/apache/maven/maven-settings-builder/3.6.3/maven-settings-builder-3.6.3.jar:/Users/yuxiangxia/.m2/repository/org/codehaus/plexus/plexus-interpolation/1.25/plexus-interpolation-1.25.jar:/Users/yuxiangxia/.m2/repository/org/sonatype/plexus/plexus-sec-dispatcher/1.4/plexus-sec-dispatcher-1.4.jar:/Users/yuxiangxia/.m2/repository/org/sonatype/plexus/plexus-cipher/1.4/plexus-cipher-1.4.jar:/Users/yuxiangxia/.m2/repository/org/apache/maven/maven-resolver-provider/3.6.3/maven-resolver-provider-3.6.3.jar:/Users/yuxiangxia/.m2/repository/org/apache/maven/maven-repository-metadata/3.6.3/maven-repository-metadata-3.6.3.jar:/Users/yuxiangxia/.m2/repository/org/apache/maven/resolver/maven-resolver-spi/1.4.1/maven-resolver-spi-1.4.1.jar:/Users/yuxiangxia/.m2/repository/org/apache/maven/resolver/maven-resolver-impl/1.4.1/maven-resolver-impl-1.4.1.jar:/Users/yuxiangxia/.m2/repository/org/apache/maven/resolver/maven-resolver-connector-basic/1.4.1/maven-resolver-connector-basic-1.4.1.jar:/Users/yuxiangxia/.m2/repository/org/apache/maven/resolver/maven-resolver-transport-wagon/1.4.1/maven-resolver-transport-wagon-1.4.1.jar:/Users/yuxiangxia/.m2/repository/org/apache/maven/wagon/wagon-http/3.3.4/wagon-http-3.3.4.jar:/Users/yuxiangxia/.m2/repository/org/apache/maven/wagon/wagon-http-shared/3.3.4/wagon-http-shared-3.3.4.jar:/Users/yuxiangxia/.m2/repository/org/jsoup/jsoup/1.12.1/jsoup-1.12.1.jar:/Users/yuxiangxia/.m2/repository/org/apache/maven/wagon/wagon-provider-api/3.3.4/wagon-provider-api-3.3.4.jar:/Users/yuxiangxia/.m2/repository/org/apache/maven/wagon/wagon-file/3.3.4/wagon-file-3.3.4.jar:/Users/yuxiangxia/.m2/repository/io/quarkus/quarkus-bootstrap-gradle-resolver/1.9.2.Final/quarkus-bootstrap-gradle-resolver-1.9.2.Final.jar:/Users/yuxiangxia/.m2/repository/io/smallrye/common/smallrye-common-io/1.4.0/smallrye-common-io-1.4.0.jar:/Users/yuxiangxia/.m2/repository/io/quarkus/quarkus-devtools-utilities/1.9.2.Final/quarkus-devtools-utilities-1.9.2.Final.jar:/Users/yuxiangxia/.m2/repository/org/eclipse/sisu/org.eclipse.sisu.inject/0.3.4/org.eclipse.sisu.inject-0.3.4.jar:/Users/yuxiangxia/.m2/repository/io/quarkus/quarkus-core/1.9.2.Final/quarkus-core-1.9.2.Final.jar:/Users/yuxiangxia/.m2/repository/jakarta/annotation/jakarta.annotation-api/1.3.5/jakarta.annotation-api-1.3.5.jar:/Users/yuxiangxia/.m2/repository/jakarta/inject/jakarta.inject-api/1.0/jakarta.inject-api-1.0.jar:/Users/yuxiangxia/.m2/repository/io/quarkus/quarkus-ide-launcher/1.9.2.Final/quarkus-ide-launcher-1.9.2.Final.jar:/Users/yuxiangxia/.m2/repository/io/smallrye/config/smallrye-config/1.9.3/smallrye-config-1.9.3.jar:/Users/yuxiangxia/.m2/repository/io/smallrye/common/smallrye-common-annotation/1.4.0/smallrye-common-annotation-1.4.0.jar:/Users/yuxiangxia/.m2/repository/io/smallrye/config/smallrye-config-common/1.9.3/smallrye-config-common-1.9.3.jar:/Users/yuxiangxia/.m2/repository/org/eclipse/microprofile/config/microprofile-config-api/1.4/microprofile-config-api-1.4.jar:/Users/yuxiangxia/.m2/repository/io/smallrye/common/smallrye-common-expression/1.4.0/smallrye-common-expression-1.4.0.jar:/Users/yuxiangxia/.m2/repository/io/smallrye/common/smallrye-common-function/1.4.0/smallrye-common-function-1.4.0.jar:/Users/yuxiangxia/.m2/repository/io/smallrye/common/smallrye-common-constraint/1.4.0/smallrye-common-constraint-1.4.0.jar:/Users/yuxiangxia/.m2/repository/io/smallrye/common/smallrye-common-classloader/1.4.0/smallrye-common-classloader-1.4.0.jar:/Users/yuxiangxia/.m2/repository/org/jboss/logging/jboss-logging/3.4.1.Final/jboss-logging-3.4.1.Final.jar:/Users/yuxiangxia/.m2/repository/org/jboss/logmanager/jboss-logmanager-embedded/1.0.6/jboss-logmanager-embedded-1.0.6.jar:/Users/yuxiangxia/.m2/repository/org/jboss/logging/jboss-logging-annotations/2.1.0.Final/jboss-logging-annotations-2.1.0.Final.jar:/Users/yuxiangxia/.m2/repository/org/jboss/threads/jboss-threads/3.1.1.Final/jboss-threads-3.1.1.Final.jar:/Users/yuxiangxia/.m2/repository/org/slf4j/slf4j-api/1.7.30/slf4j-api-1.7.30.jar:/Users/yuxiangxia/.m2/repository/org/jboss/slf4j/slf4j-jboss-logging/1.2.0.Final/slf4j-jboss-logging-1.2.0.Final.jar:/Users/yuxiangxia/.m2/repository/io/quarkus/quarkus-bootstrap-runner/1.9.2.Final/quarkus-bootstrap-runner-1.9.2.Final.jar:/Users/yuxiangxia/.m2/repository/io/quarkus/quarkus-builder/1.9.2.Final/quarkus-builder-1.9.2.Final.jar:/Users/yuxiangxia/.m2/repository/org/graalvm/sdk/graal-sdk/20.2.0/graal-sdk-20.2.0.jar:/Users/yuxiangxia/projects/quarkus-rxia/runtime/target/quarkus-rxia-1.0-SNAPSHOT.jar:/Users/yuxiangxia/.m2/repository/io/quarkus/quarkus-undertow/1.9.2.Final/quarkus-undertow-1.9.2.Final.jar:/Users/yuxiangxia/.m2/repository/io/quarkus/quarkus-arc/1.9.2.Final/quarkus-arc-1.9.2.Final.jar:/Users/yuxiangxia/.m2/repository/io/quarkus/arc/arc/1.9.2.Final/arc-1.9.2.Final.jar:/Users/yuxiangxia/.m2/repository/jakarta/transaction/jakarta.transaction-api/1.3.3/jakarta.transaction-api-1.3.3.jar:/Users/yuxiangxia/.m2/repository/io/quarkus/quarkus-vertx-http/1.9.2.Final/quarkus-vertx-http-1.9.2.Final.jar:/Users/yuxiangxia/.m2/repository/io/quarkus/quarkus-security-runtime-spi/1.9.2.Final/quarkus-security-runtime-spi-1.9.2.Final.jar:/Users/yuxiangxia/.m2/repository/io/quarkus/quarkus-vertx-core/1.9.2.Final/quarkus-vertx-core-1.9.2.Final.jar:/Users/yuxiangxia/.m2/repository/io/quarkus/quarkus-netty/1.9.2.Final/quarkus-netty-1.9.2.Final.jar:/Users/yuxiangxia/.m2/repository/io/vertx/vertx-web/3.9.4/vertx-web-3.9.4.jar:/Users/yuxiangxia/.m2/repository/io/vertx/vertx-web-common/3.9.4/vertx-web-common-3.9.4.jar:/Users/yuxiangxia/.m2/repository/io/vertx/vertx-auth-common/3.9.4/vertx-auth-common-3.9.4.jar:/Users/yuxiangxia/.m2/repository/io/vertx/vertx-bridge-common/3.9.4/vertx-bridge-common-3.9.4.jar:/Users/yuxiangxia/.m2/repository/io/quarkus/security/quarkus-security/1.1.3.Final/quarkus-security-1.1.3.Final.jar:/Users/yuxiangxia/.m2/repository/io/smallrye/reactive/mutiny/0.9.0/mutiny-0.9.0.jar:/Users/yuxiangxia/.m2/repository/org/reactivestreams/reactive-streams/1.0.3/reactive-streams-1.0.3.jar:/Users/yuxiangxia/.m2/repository/io/quarkus/http/quarkus-http-vertx-backend/3.0.15.Final/quarkus-http-vertx-backend-3.0.15.Final.jar:/Users/yuxiangxia/.m2/repository/io/vertx/vertx-core/3.9.4/vertx-core-3.9.4.jar:/Users/yuxiangxia/.m2/repository/io/netty/netty-common/4.1.49.Final/netty-common-4.1.49.Final.jar:/Users/yuxiangxia/.m2/repository/io/netty/netty-buffer/4.1.49.Final/netty-buffer-4.1.49.Final.jar:/Users/yuxiangxia/.m2/repository/io/netty/netty-transport/4.1.49.Final/netty-transport-4.1.49.Final.jar:/Users/yuxiangxia/.m2/repository/io/netty/netty-handler/4.1.49.Final/netty-handler-4.1.49.Final.jar:/Users/yuxiangxia/.m2/repository/io/netty/netty-handler-proxy/4.1.49.Final/netty-handler-proxy-4.1.49.Final.jar:/Users/yuxiangxia/.m2/repository/io/netty/netty-codec-socks/4.1.49.Final/netty-codec-socks-4.1.49.Final.jar:/Users/yuxiangxia/.m2/repository/io/netty/netty-codec-http2/4.1.49.Final/netty-codec-http2-4.1.49.Final.jar:/Users/yuxiangxia/.m2/repository/io/netty/netty-resolver/4.1.49.Final/netty-resolver-4.1.49.Final.jar:/Users/yuxiangxia/.m2/repository/io/netty/netty-resolver-dns/4.1.49.Final/netty-resolver-dns-4.1.49.Final.jar:/Users/yuxiangxia/.m2/repository/io/netty/netty-codec-dns/4.1.49.Final/netty-codec-dns-4.1.49.Final.jar:/Users/yuxiangxia/.m2/repository/io/quarkus/http/quarkus-http-http-core/3.0.15.Final/quarkus-http-http-core-3.0.15.Final.jar:/Users/yuxiangxia/.m2/repository/io/quarkus/http/quarkus-http-core/3.0.15.Final/quarkus-http-core-3.0.15.Final.jar:/Users/yuxiangxia/.m2/repository/io/netty/netty-codec-http/4.1.49.Final/netty-codec-http-4.1.49.Final.jar:/Users/yuxiangxia/.m2/repository/io/netty/netty-codec/4.1.49.Final/netty-codec-4.1.49.Final.jar:/Users/yuxiangxia/.m2/repository/org/eclipse/microprofile/context-propagation/microprofile-context-propagation-api/1.0.1/microprofile-context-propagation-api-1.0.1.jar:/Users/yuxiangxia/.m2/repository/io/quarkus/quarkus-undertow-deployment/1.9.2.Final/quarkus-undertow-deployment-1.9.2.Final.jar:/Users/yuxiangxia/.m2/repository/io/quarkus/http/quarkus-http-servlet/3.0.15.Final/quarkus-http-servlet-3.0.15.Final.jar:/Users/yuxiangxia/.m2/repository/jakarta/servlet/jakarta.servlet-api/4.0.3/jakarta.servlet-api-4.0.3.jar:/Users/yuxiangxia/.m2/repository/io/quarkus/quarkus-arc-deployment/1.9.2.Final/quarkus-arc-deployment-1.9.2.Final.jar:/Users/yuxiangxia/.m2/repository/io/quarkus/arc/arc-processor/1.9.2.Final/arc-processor-1.9.2.Final.jar:/Users/yuxiangxia/.m2/repository/io/quarkus/quarkus-undertow-spi/1.9.2.Final/quarkus-undertow-spi-1.9.2.Final.jar:/Users/yuxiangxia/.m2/repository/io/quarkus/quarkus-vertx-http-deployment/1.9.2.Final/quarkus-vertx-http-deployment-1.9.2.Final.jar:/Users/yuxiangxia/.m2/repository/io/quarkus/quarkus-vertx-core-deployment/1.9.2.Final/quarkus-vertx-core-deployment-1.9.2.Final.jar:/Users/yuxiangxia/.m2/repository/io/quarkus/quarkus-netty-deployment/1.9.2.Final/quarkus-netty-deployment-1.9.2.Final.jar:/Users/yuxiangxia/.m2/repository/io/quarkus/quarkus-kubernetes-spi/1.9.2.Final/quarkus-kubernetes-spi-1.9.2.Final.jar:/Users/yuxiangxia/.m2/repository/org/jboss/metadata/jboss-metadata-web/11.0.0.Final/jboss-metadata-web-11.0.0.Final.jar:/Users/yuxiangxia/.m2/repository/org/jboss/metadata/jboss-metadata-common/11.0.0.Final/jboss-metadata-common-11.0.0.Final.jar:/Users/yuxiangxia/.m2/repository/io/quarkus/quarkus-junit5-internal/1.9.2.Final/quarkus-junit5-internal-1.9.2.Final.jar:/Users/yuxiangxia/.m2/repository/org/jboss/shrinkwrap/shrinkwrap-api/1.2.6/shrinkwrap-api-1.2.6.jar:/Users/yuxiangxia/.m2/repository/org/jboss/shrinkwrap/shrinkwrap-spi/1.2.6/shrinkwrap-spi-1.2.6.jar:/Users/yuxiangxia/.m2/repository/org/jboss/shrinkwrap/shrinkwrap-impl-base/1.2.6/shrinkwrap-impl-base-1.2.6.jar:/Users/yuxiangxia/.m2/repository/org/junit/jupiter/junit-jupiter-api/5.7.0/junit-jupiter-api-5.7.0.jar:/Users/yuxiangxia/.m2/repository/org/apiguardian/apiguardian-api/1.1.0/apiguardian-api-1.1.0.jar:/Users/yuxiangxia/.m2/repository/org/opentest4j/opentest4j/1.2.0/opentest4j-1.2.0.jar:/Users/yuxiangxia/.m2/repository/org/junit/platform/junit-platform-commons/1.7.0/junit-platform-commons-1.7.0.jar:/Users/yuxiangxia/.m2/repository/org/junit/jupiter/junit-jupiter-params/5.7.0/junit-jupiter-params-5.7.0.jar:/Users/yuxiangxia/.m2/repository/org/junit/jupiter/junit-jupiter-engine/5.7.0/junit-jupiter-engine-5.7.0.jar:/Users/yuxiangxia/.m2/repository/org/junit/platform/junit-platform-engine/1.7.0/junit-platform-engine-1.7.0.jar:/Users/yuxiangxia/.m2/repository/io/quarkus/quarkus-test-common/1.9.2.Final/quarkus-test-common-1.9.2.Final.jar:/Users/yuxiangxia/.m2/repository/io/quarkus/quarkus-jsonp-deployment/1.9.2.Final/quarkus-jsonp-deployment-1.9.2.Final.jar:/Users/yuxiangxia/.m2/repository/io/quarkus/quarkus-jsonp/1.9.2.Final/quarkus-jsonp-1.9.2.Final.jar:/Users/yuxiangxia/.m2/repository/org/glassfish/jakarta.json/1.1.6/jakarta.json-1.1.6.jar:/Users/yuxiangxia/.m2/repository/org/jboss/logging/commons-logging-jboss-logging/1.0.0.Final/commons-logging-jboss-logging-1.0.0.Final.jar:/Users/yuxiangxia/.m2/repository/jakarta/enterprise/jakarta.enterprise.cdi-api/2.0.2/jakarta.enterprise.cdi-api-2.0.2.jar:/Users/yuxiangxia/.m2/repository/jakarta/el/jakarta.el-api/3.0.3/jakarta.el-api-3.0.3.jar:/Users/yuxiangxia/.m2/repository/jakarta/interceptor/jakarta.interceptor-api/1.2.5/jakarta.interceptor-api-1.2.5.jar:/Users/yuxiangxia/.m2/repository/io/rest-assured/rest-assured/4.3.0/rest-assured-4.3.0.jar:/Users/yuxiangxia/.m2/repository/org/codehaus/groovy/groovy/3.0.2/groovy-3.0.2.jar:/Users/yuxiangxia/.m2/repository/org/codehaus/groovy/groovy-xml/3.0.2/groovy-xml-3.0.2.jar:/Users/yuxiangxia/.m2/repository/org/apache/httpcomponents/httpclient/4.5.13/httpclient-4.5.13.jar:/Users/yuxiangxia/.m2/repository/org/apache/httpcomponents/httpcore/4.4.13/httpcore-4.4.13.jar:/Users/yuxiangxia/.m2/repository/commons-codec/commons-codec/1.14/commons-codec-1.14.jar:/Users/yuxiangxia/.m2/repository/org/apache/httpcomponents/httpmime/4.5.13/httpmime-4.5.13.jar:/Users/yuxiangxia/.m2/repository/org/hamcrest/hamcrest/2.1/hamcrest-2.1.jar:/Users/yuxiangxia/.m2/repository/org/ccil/cowan/tagsoup/tagsoup/1.2.1/tagsoup-1.2.1.jar:/Users/yuxiangxia/.m2/repository/io/rest-assured/json-path/4.3.0/json-path-4.3.0.jar:/Users/yuxiangxia/.m2/repository/org/codehaus/groovy/groovy-json/3.0.2/groovy-json-3.0.2.jar:/Users/yuxiangxia/.m2/repository/io/rest-assured/rest-assured-common/4.3.0/rest-assured-common-4.3.0.jar:/Users/yuxiangxia/.m2/repository/io/rest-assured/xml-path/4.3.0/xml-path-4.3.0.jar:/Users/yuxiangxia/.m2/repository/org/apache/commons/commons-lang3/3.9/commons-lang3-3.9.jar:/Users/yuxiangxia/.m2/repository/jakarta/xml/bind/jakarta.xml.bind-api/2.3.2/jakarta.xml.bind-api-2.3.2.jar:/Users/yuxiangxia/.m2/repository/jakarta/activation/jakarta.activation-api/1.2.1/jakarta.activation-api-1.2.1.jar:/Users/yuxiangxia/.m2/repository/org/apache/sling/org.apache.sling.javax.activation/0.1.0/org.apache.sling.javax.activation-0.1.0.jar:"/>
    <property name="java.vm.vendor" value="GraalVM Community"/>
    <property name="sun.arch.data.model" value="64"/>
    <property name="java.vendor.url" value="https://www.graalvm.org/"/>
    <property name="user.timezone" value="Australia/Melbourne"/>
    <property name="java.vm.specification.version" value="11"/>
    <property name="os.name" value="Mac OS X"/>
    <property name="user.country" value="AU"/>
    <property name="sun.java.launcher" value="SUN_STANDARD"/>
    <property name="sun.boot.library.path" value="/Library/Java/JavaVirtualMachines/graalvm-ce-java11-20.2.0/Contents/Home/lib"/>
    <property name="sun.java.command" value="/Users/yuxiangxia/projects/quarkus-rxia/deployment/target/surefire/surefirebooter804894795594796650.jar /Users/yuxiangxia/projects/quarkus-rxia/deployment/target/surefire 2020-12-04T15-23-46_681-jvmRun1 surefire8422920568401973654tmp surefire_07221100671591430380tmp"/>
    <property name="http.nonProxyHosts" value="local|*.local|169.254/16|*.169.254/16"/>
    <property name="jdk.debug" value="release"/>
    <property name="maven.home" value="/usr/local/Cellar/maven/3.6.3_1/libexec"/>
    <property name="surefire.test.class.path" value="/Users/yuxiangxia/projects/quarkus-rxia/deployment/target/test-classes:/Users/yuxiangxia/projects/quarkus-rxia/deployment/target/classes:/Users/yuxiangxia/.m2/repository/io/quarkus/quarkus-core-deployment/1.9.2.Final/quarkus-core-deployment-1.9.2.Final.jar:/Users/yuxiangxia/.m2/repository/org/wildfly/common/wildfly-common/1.5.4.Final-format-001/wildfly-common-1.5.4.Final-format-001.jar:/Users/yuxiangxia/.m2/repository/io/quarkus/gizmo/gizmo/1.0.4.Final/gizmo-1.0.4.Final.jar:/Users/yuxiangxia/.m2/repository/org/ow2/asm/asm-util/8.0.1/asm-util-8.0.1.jar:/Users/yuxiangxia/.m2/repository/org/ow2/asm/asm-tree/8.0.1/asm-tree-8.0.1.jar:/Users/yuxiangxia/.m2/repository/org/ow2/asm/asm-analysis/8.0.1/asm-analysis-8.0.1.jar:/Users/yuxiangxia/.m2/repository/org/jboss/jandex/2.2.1.Final/jandex-2.2.1.Final.jar:/Users/yuxiangxia/.m2/repository/org/ow2/asm/asm/8.0.1/asm-8.0.1.jar:/Users/yuxiangxia/.m2/repository/io/quarkus/quarkus-development-mode-spi/1.9.2.Final/quarkus-development-mode-spi-1.9.2.Final.jar:/Users/yuxiangxia/.m2/repository/io/quarkus/quarkus-bootstrap-core/1.9.2.Final/quarkus-bootstrap-core-1.9.2.Final.jar:/Users/yuxiangxia/.m2/repository/io/quarkus/quarkus-bootstrap-app-model/1.9.2.Final/quarkus-bootstrap-app-model-1.9.2.Final.jar:/Users/yuxiangxia/.m2/repository/io/quarkus/quarkus-bootstrap-maven-resolver/1.9.2.Final/quarkus-bootstrap-maven-resolver-1.9.2.Final.jar:/Users/yuxiangxia/.m2/repository/org/apache/maven/maven-embedder/3.6.3/maven-embedder-3.6.3.jar:/Users/yuxiangxia/.m2/repository/org/apache/maven/maven-settings/3.6.3/maven-settings-3.6.3.jar:/Users/yuxiangxia/.m2/repository/org/apache/maven/maven-core/3.6.3/maven-core-3.6.3.jar:/Users/yuxiangxia/.m2/repository/org/apache/maven/maven-artifact/3.6.3/maven-artifact-3.6.3.jar:/Users/yuxiangxia/.m2/repository/org/codehaus/plexus/plexus-component-annotations/2.1.0/plexus-component-annotations-2.1.0.jar:/Users/yuxiangxia/.m2/repository/org/apache/maven/maven-plugin-api/3.6.3/maven-plugin-api-3.6.3.jar:/Users/yuxiangxia/.m2/repository/org/apache/maven/maven-model/3.6.3/maven-model-3.6.3.jar:/Users/yuxiangxia/.m2/repository/org/apache/maven/maven-model-builder/3.6.3/maven-model-builder-3.6.3.jar:/Users/yuxiangxia/.m2/repository/org/apache/maven/maven-builder-support/3.6.3/maven-builder-support-3.6.3.jar:/Users/yuxiangxia/.m2/repository/org/apache/maven/resolver/maven-resolver-api/1.4.1/maven-resolver-api-1.4.1.jar:/Users/yuxiangxia/.m2/repository/org/apache/maven/resolver/maven-resolver-util/1.4.1/maven-resolver-util-1.4.1.jar:/Users/yuxiangxia/.m2/repository/org/apache/maven/shared/maven-shared-utils/3.2.1/maven-shared-utils-3.2.1.jar:/Users/yuxiangxia/.m2/repository/commons-io/commons-io/2.8.0/commons-io-2.8.0.jar:/Users/yuxiangxia/.m2/repository/com/google/inject/guice/4.2.1/guice-4.2.1-no_aop.jar:/Users/yuxiangxia/.m2/repository/com/google/guava/guava/29.0-jre/guava-29.0-jre.jar:/Users/yuxiangxia/.m2/repository/com/google/guava/failureaccess/1.0.1/failureaccess-1.0.1.jar:/Users/yuxiangxia/.m2/repository/com/google/guava/listenablefuture/9999.0-empty-to-avoid-conflict-with-guava/listenablefuture-9999.0-empty-to-avoid-conflict-with-guava.jar:/Users/yuxiangxia/.m2/repository/org/codehaus/plexus/plexus-utils/3.2.1/plexus-utils-3.2.1.jar:/Users/yuxiangxia/.m2/repository/org/codehaus/plexus/plexus-classworlds/2.6.0/plexus-classworlds-2.6.0.jar:/Users/yuxiangxia/.m2/repository/commons-cli/commons-cli/1.4/commons-cli-1.4.jar:/Users/yuxiangxia/.m2/repository/org/eclipse/sisu/org.eclipse.sisu.plexus/0.3.4/org.eclipse.sisu.plexus-0.3.4.jar:/Users/yuxiangxia/.m2/repository/org/apache/maven/maven-settings-builder/3.6.3/maven-settings-builder-3.6.3.jar:/Users/yuxiangxia/.m2/repository/org/codehaus/plexus/plexus-interpolation/1.25/plexus-interpolation-1.25.jar:/Users/yuxiangxia/.m2/repository/org/sonatype/plexus/plexus-sec-dispatcher/1.4/plexus-sec-dispatcher-1.4.jar:/Users/yuxiangxia/.m2/repository/org/sonatype/plexus/plexus-cipher/1.4/plexus-cipher-1.4.jar:/Users/yuxiangxia/.m2/repository/org/apache/maven/maven-resolver-provider/3.6.3/maven-resolver-provider-3.6.3.jar:/Users/yuxiangxia/.m2/repository/org/apache/maven/maven-repository-metadata/3.6.3/maven-repository-metadata-3.6.3.jar:/Users/yuxiangxia/.m2/repository/org/apache/maven/resolver/maven-resolver-spi/1.4.1/maven-resolver-spi-1.4.1.jar:/Users/yuxiangxia/.m2/repository/org/apache/maven/resolver/maven-resolver-impl/1.4.1/maven-resolver-impl-1.4.1.jar:/Users/yuxiangxia/.m2/repository/org/apache/maven/resolver/maven-resolver-connector-basic/1.4.1/maven-resolver-connector-basic-1.4.1.jar:/Users/yuxiangxia/.m2/repository/org/apache/maven/resolver/maven-resolver-transport-wagon/1.4.1/maven-resolver-transport-wagon-1.4.1.jar:/Users/yuxiangxia/.m2/repository/org/apache/maven/wagon/wagon-http/3.3.4/wagon-http-3.3.4.jar:/Users/yuxiangxia/.m2/repository/org/apache/maven/wagon/wagon-http-shared/3.3.4/wagon-http-shared-3.3.4.jar:/Users/yuxiangxia/.m2/repository/org/jsoup/jsoup/1.12.1/jsoup-1.12.1.jar:/Users/yuxiangxia/.m2/repository/org/apache/maven/wagon/wagon-provider-api/3.3.4/wagon-provider-api-3.3.4.jar:/Users/yuxiangxia/.m2/repository/org/apache/maven/wagon/wagon-file/3.3.4/wagon-file-3.3.4.jar:/Users/yuxiangxia/.m2/repository/io/quarkus/quarkus-bootstrap-gradle-resolver/1.9.2.Final/quarkus-bootstrap-gradle-resolver-1.9.2.Final.jar:/Users/yuxiangxia/.m2/repository/io/smallrye/common/smallrye-common-io/1.4.0/smallrye-common-io-1.4.0.jar:/Users/yuxiangxia/.m2/repository/io/quarkus/quarkus-devtools-utilities/1.9.2.Final/quarkus-devtools-utilities-1.9.2.Final.jar:/Users/yuxiangxia/.m2/repository/org/eclipse/sisu/org.eclipse.sisu.inject/0.3.4/org.eclipse.sisu.inject-0.3.4.jar:/Users/yuxiangxia/.m2/repository/io/quarkus/quarkus-core/1.9.2.Final/quarkus-core-1.9.2.Final.jar:/Users/yuxiangxia/.m2/repository/jakarta/annotation/jakarta.annotation-api/1.3.5/jakarta.annotation-api-1.3.5.jar:/Users/yuxiangxia/.m2/repository/jakarta/inject/jakarta.inject-api/1.0/jakarta.inject-api-1.0.jar:/Users/yuxiangxia/.m2/repository/io/quarkus/quarkus-ide-launcher/1.9.2.Final/quarkus-ide-launcher-1.9.2.Final.jar:/Users/yuxiangxia/.m2/repository/io/smallrye/config/smallrye-config/1.9.3/smallrye-config-1.9.3.jar:/Users/yuxiangxia/.m2/repository/io/smallrye/common/smallrye-common-annotation/1.4.0/smallrye-common-annotation-1.4.0.jar:/Users/yuxiangxia/.m2/repository/io/smallrye/config/smallrye-config-common/1.9.3/smallrye-config-common-1.9.3.jar:/Users/yuxiangxia/.m2/repository/org/eclipse/microprofile/config/microprofile-config-api/1.4/microprofile-config-api-1.4.jar:/Users/yuxiangxia/.m2/repository/io/smallrye/common/smallrye-common-expression/1.4.0/smallrye-common-expression-1.4.0.jar:/Users/yuxiangxia/.m2/repository/io/smallrye/common/smallrye-common-function/1.4.0/smallrye-common-function-1.4.0.jar:/Users/yuxiangxia/.m2/repository/io/smallrye/common/smallrye-common-constraint/1.4.0/smallrye-common-constraint-1.4.0.jar:/Users/yuxiangxia/.m2/repository/io/smallrye/common/smallrye-common-classloader/1.4.0/smallrye-common-classloader-1.4.0.jar:/Users/yuxiangxia/.m2/repository/org/jboss/logging/jboss-logging/3.4.1.Final/jboss-logging-3.4.1.Final.jar:/Users/yuxiangxia/.m2/repository/org/jboss/logmanager/jboss-logmanager-embedded/1.0.6/jboss-logmanager-embedded-1.0.6.jar:/Users/yuxiangxia/.m2/repository/org/jboss/logging/jboss-logging-annotations/2.1.0.Final/jboss-logging-annotations-2.1.0.Final.jar:/Users/yuxiangxia/.m2/repository/org/jboss/threads/jboss-threads/3.1.1.Final/jboss-threads-3.1.1.Final.jar:/Users/yuxiangxia/.m2/repository/org/slf4j/slf4j-api/1.7.30/slf4j-api-1.7.30.jar:/Users/yuxiangxia/.m2/repository/org/jboss/slf4j/slf4j-jboss-logging/1.2.0.Final/slf4j-jboss-logging-1.2.0.Final.jar:/Users/yuxiangxia/.m2/repository/io/quarkus/quarkus-bootstrap-runner/1.9.2.Final/quarkus-bootstrap-runner-1.9.2.Final.jar:/Users/yuxiangxia/.m2/repository/io/quarkus/quarkus-builder/1.9.2.Final/quarkus-builder-1.9.2.Final.jar:/Users/yuxiangxia/.m2/repository/org/graalvm/sdk/graal-sdk/20.2.0/graal-sdk-20.2.0.jar:/Users/yuxiangxia/projects/quarkus-rxia/runtime/target/quarkus-rxia-1.0-SNAPSHOT.jar:/Users/yuxiangxia/.m2/repository/io/quarkus/quarkus-undertow/1.9.2.Final/quarkus-undertow-1.9.2.Final.jar:/Users/yuxiangxia/.m2/repository/io/quarkus/quarkus-arc/1.9.2.Final/quarkus-arc-1.9.2.Final.jar:/Users/yuxiangxia/.m2/repository/io/quarkus/arc/arc/1.9.2.Final/arc-1.9.2.Final.jar:/Users/yuxiangxia/.m2/repository/jakarta/transaction/jakarta.transaction-api/1.3.3/jakarta.transaction-api-1.3.3.jar:/Users/yuxiangxia/.m2/repository/io/quarkus/quarkus-vertx-http/1.9.2.Final/quarkus-vertx-http-1.9.2.Final.jar:/Users/yuxiangxia/.m2/repository/io/quarkus/quarkus-security-runtime-spi/1.9.2.Final/quarkus-security-runtime-spi-1.9.2.Final.jar:/Users/yuxiangxia/.m2/repository/io/quarkus/quarkus-vertx-core/1.9.2.Final/quarkus-vertx-core-1.9.2.Final.jar:/Users/yuxiangxia/.m2/repository/io/quarkus/quarkus-netty/1.9.2.Final/quarkus-netty-1.9.2.Final.jar:/Users/yuxiangxia/.m2/repository/io/vertx/vertx-web/3.9.4/vertx-web-3.9.4.jar:/Users/yuxiangxia/.m2/repository/io/vertx/vertx-web-common/3.9.4/vertx-web-common-3.9.4.jar:/Users/yuxiangxia/.m2/repository/io/vertx/vertx-auth-common/3.9.4/vertx-auth-common-3.9.4.jar:/Users/yuxiangxia/.m2/repository/io/vertx/vertx-bridge-common/3.9.4/vertx-bridge-common-3.9.4.jar:/Users/yuxiangxia/.m2/repository/io/quarkus/security/quarkus-security/1.1.3.Final/quarkus-security-1.1.3.Final.jar:/Users/yuxiangxia/.m2/repository/io/smallrye/reactive/mutiny/0.9.0/mutiny-0.9.0.jar:/Users/yuxiangxia/.m2/repository/org/reactivestreams/reactive-streams/1.0.3/reactive-streams-1.0.3.jar:/Users/yuxiangxia/.m2/repository/io/quarkus/http/quarkus-http-vertx-backend/3.0.15.Final/quarkus-http-vertx-backend-3.0.15.Final.jar:/Users/yuxiangxia/.m2/repository/io/vertx/vertx-core/3.9.4/vertx-core-3.9.4.jar:/Users/yuxiangxia/.m2/repository/io/netty/netty-common/4.1.49.Final/netty-common-4.1.49.Final.jar:/Users/yuxiangxia/.m2/repository/io/netty/netty-buffer/4.1.49.Final/netty-buffer-4.1.49.Final.jar:/Users/yuxiangxia/.m2/repository/io/netty/netty-transport/4.1.49.Final/netty-transport-4.1.49.Final.jar:/Users/yuxiangxia/.m2/repository/io/netty/netty-handler/4.1.49.Final/netty-handler-4.1.49.Final.jar:/Users/yuxiangxia/.m2/repository/io/netty/netty-handler-proxy/4.1.49.Final/netty-handler-proxy-4.1.49.Final.jar:/Users/yuxiangxia/.m2/repository/io/netty/netty-codec-socks/4.1.49.Final/netty-codec-socks-4.1.49.Final.jar:/Users/yuxiangxia/.m2/repository/io/netty/netty-codec-http2/4.1.49.Final/netty-codec-http2-4.1.49.Final.jar:/Users/yuxiangxia/.m2/repository/io/netty/netty-resolver/4.1.49.Final/netty-resolver-4.1.49.Final.jar:/Users/yuxiangxia/.m2/repository/io/netty/netty-resolver-dns/4.1.49.Final/netty-resolver-dns-4.1.49.Final.jar:/Users/yuxiangxia/.m2/repository/io/netty/netty-codec-dns/4.1.49.Final/netty-codec-dns-4.1.49.Final.jar:/Users/yuxiangxia/.m2/repository/io/quarkus/http/quarkus-http-http-core/3.0.15.Final/quarkus-http-http-core-3.0.15.Final.jar:/Users/yuxiangxia/.m2/repository/io/quarkus/http/quarkus-http-core/3.0.15.Final/quarkus-http-core-3.0.15.Final.jar:/Users/yuxiangxia/.m2/repository/io/netty/netty-codec-http/4.1.49.Final/netty-codec-http-4.1.49.Final.jar:/Users/yuxiangxia/.m2/repository/io/netty/netty-codec/4.1.49.Final/netty-codec-4.1.49.Final.jar:/Users/yuxiangxia/.m2/repository/org/eclipse/microprofile/context-propagation/microprofile-context-propagation-api/1.0.1/microprofile-context-propagation-api-1.0.1.jar:/Users/yuxiangxia/.m2/repository/io/quarkus/quarkus-undertow-deployment/1.9.2.Final/quarkus-undertow-deployment-1.9.2.Final.jar:/Users/yuxiangxia/.m2/repository/io/quarkus/http/quarkus-http-servlet/3.0.15.Final/quarkus-http-servlet-3.0.15.Final.jar:/Users/yuxiangxia/.m2/repository/jakarta/servlet/jakarta.servlet-api/4.0.3/jakarta.servlet-api-4.0.3.jar:/Users/yuxiangxia/.m2/repository/io/quarkus/quarkus-arc-deployment/1.9.2.Final/quarkus-arc-deployment-1.9.2.Final.jar:/Users/yuxiangxia/.m2/repository/io/quarkus/arc/arc-processor/1.9.2.Final/arc-processor-1.9.2.Final.jar:/Users/yuxiangxia/.m2/repository/io/quarkus/quarkus-undertow-spi/1.9.2.Final/quarkus-undertow-spi-1.9.2.Final.jar:/Users/yuxiangxia/.m2/repository/io/quarkus/quarkus-vertx-http-deployment/1.9.2.Final/quarkus-vertx-http-deployment-1.9.2.Final.jar:/Users/yuxiangxia/.m2/repository/io/quarkus/quarkus-vertx-core-deployment/1.9.2.Final/quarkus-vertx-core-deployment-1.9.2.Final.jar:/Users/yuxiangxia/.m2/repository/io/quarkus/quarkus-netty-deployment/1.9.2.Final/quarkus-netty-deployment-1.9.2.Final.jar:/Users/yuxiangxia/.m2/repository/io/quarkus/quarkus-kubernetes-spi/1.9.2.Final/quarkus-kubernetes-spi-1.9.2.Final.jar:/Users/yuxiangxia/.m2/repository/org/jboss/metadata/jboss-metadata-web/11.0.0.Final/jboss-metadata-web-11.0.0.Final.jar:/Users/yuxiangxia/.m2/repository/org/jboss/metadata/jboss-metadata-common/11.0.0.Final/jboss-metadata-common-11.0.0.Final.jar:/Users/yuxiangxia/.m2/repository/io/quarkus/quarkus-junit5-internal/1.9.2.Final/quarkus-junit5-internal-1.9.2.Final.jar:/Users/yuxiangxia/.m2/repository/org/jboss/shrinkwrap/shrinkwrap-api/1.2.6/shrinkwrap-api-1.2.6.jar:/Users/yuxiangxia/.m2/repository/org/jboss/shrinkwrap/shrinkwrap-spi/1.2.6/shrinkwrap-spi-1.2.6.jar:/Users/yuxiangxia/.m2/repository/org/jboss/shrinkwrap/shrinkwrap-impl-base/1.2.6/shrinkwrap-impl-base-1.2.6.jar:/Users/yuxiangxia/.m2/repository/org/junit/jupiter/junit-jupiter-api/5.7.0/junit-jupiter-api-5.7.0.jar:/Users/yuxiangxia/.m2/repository/org/apiguardian/apiguardian-api/1.1.0/apiguardian-api-1.1.0.jar:/Users/yuxiangxia/.m2/repository/org/opentest4j/opentest4j/1.2.0/opentest4j-1.2.0.jar:/Users/yuxiangxia/.m2/repository/org/junit/platform/junit-platform-commons/1.7.0/junit-platform-commons-1.7.0.jar:/Users/yuxiangxia/.m2/repository/org/junit/jupiter/junit-jupiter-params/5.7.0/junit-jupiter-params-5.7.0.jar:/Users/yuxiangxia/.m2/repository/org/junit/jupiter/junit-jupiter-engine/5.7.0/junit-jupiter-engine-5.7.0.jar:/Users/yuxiangxia/.m2/repository/org/junit/platform/junit-platform-engine/1.7.0/junit-platform-engine-1.7.0.jar:/Users/yuxiangxia/.m2/repository/io/quarkus/quarkus-test-common/1.9.2.Final/quarkus-test-common-1.9.2.Final.jar:/Users/yuxiangxia/.m2/repository/io/quarkus/quarkus-jsonp-deployment/1.9.2.Final/quarkus-jsonp-deployment-1.9.2.Final.jar:/Users/yuxiangxia/.m2/repository/io/quarkus/quarkus-jsonp/1.9.2.Final/quarkus-jsonp-1.9.2.Final.jar:/Users/yuxiangxia/.m2/repository/org/glassfish/jakarta.json/1.1.6/jakarta.json-1.1.6.jar:/Users/yuxiangxia/.m2/repository/org/jboss/logging/commons-logging-jboss-logging/1.0.0.Final/commons-logging-jboss-logging-1.0.0.Final.jar:/Users/yuxiangxia/.m2/repository/jakarta/enterprise/jakarta.enterprise.cdi-api/2.0.2/jakarta.enterprise.cdi-api-2.0.2.jar:/Users/yuxiangxia/.m2/repository/jakarta/el/jakarta.el-api/3.0.3/jakarta.el-api-3.0.3.jar:/Users/yuxiangxia/.m2/repository/jakarta/interceptor/jakarta.interceptor-api/1.2.5/jakarta.interceptor-api-1.2.5.jar:/Users/yuxiangxia/.m2/repository/io/rest-assured/rest-assured/4.3.0/rest-assured-4.3.0.jar:/Users/yuxiangxia/.m2/repository/org/codehaus/groovy/groovy/3.0.2/groovy-3.0.2.jar:/Users/yuxiangxia/.m2/repository/org/codehaus/groovy/groovy-xml/3.0.2/groovy-xml-3.0.2.jar:/Users/yuxiangxia/.m2/repository/org/apache/httpcomponents/httpclient/4.5.13/httpclient-4.5.13.jar:/Users/yuxiangxia/.m2/repository/org/apache/httpcomponents/httpcore/4.4.13/httpcore-4.4.13.jar:/Users/yuxiangxia/.m2/repository/commons-codec/commons-codec/1.14/commons-codec-1.14.jar:/Users/yuxiangxia/.m2/repository/org/apache/httpcomponents/httpmime/4.5.13/httpmime-4.5.13.jar:/Users/yuxiangxia/.m2/repository/org/hamcrest/hamcrest/2.1/hamcrest-2.1.jar:/Users/yuxiangxia/.m2/repository/org/ccil/cowan/tagsoup/tagsoup/1.2.1/tagsoup-1.2.1.jar:/Users/yuxiangxia/.m2/repository/io/rest-assured/json-path/4.3.0/json-path-4.3.0.jar:/Users/yuxiangxia/.m2/repository/org/codehaus/groovy/groovy-json/3.0.2/groovy-json-3.0.2.jar:/Users/yuxiangxia/.m2/repository/io/rest-assured/rest-assured-common/4.3.0/rest-assured-common-4.3.0.jar:/Users/yuxiangxia/.m2/repository/io/rest-assured/xml-path/4.3.0/xml-path-4.3.0.jar:/Users/yuxiangxia/.m2/repository/org/apache/commons/commons-lang3/3.9/commons-lang3-3.9.jar:/Users/yuxiangxia/.m2/repository/jakarta/xml/bind/jakarta.xml.bind-api/2.3.2/jakarta.xml.bind-api-2.3.2.jar:/Users/yuxiangxia/.m2/repository/jakarta/activation/jakarta.activation-api/1.2.1/jakarta.activation-api-1.2.1.jar:/Users/yuxiangxia/.m2/repository/org/apache/sling/org.apache.sling.javax.activation/0.1.0/org.apache.sling.javax.activation-0.1.0.jar:"/>
    <property name="sun.cpu.endian" value="little"/>
    <property name="user.home" value="/Users/yuxiangxia"/>
    <property name="user.language" value="en"/>
    <property name="java.specification.vendor" value="Oracle Corporation"/>
    <property name="io.netty.allocator.maxOrder" value="1"/>
    <property name="java.version.date" value="2020-07-14"/>
    <property name="java.home" value="/Library/Java/JavaVirtualMachines/graalvm-ce-java11-20.2.0/Contents/Home"/>
    <property name="file.separator" value="/"/>
    <property name="basedir" value="/Users/yuxiangxia/projects/quarkus-rxia/deployment"/>
    <property name="java.vm.compressedOopsMode" value="Zero based"/>
    <property name="line.separator" value="&#10;"/>
    <property name="jdk.internal.vm.ci.enabled" value="true"/>
    <property name="java.specification.name" value="Java Platform API Specification"/>
    <property name="java.vm.specification.vendor" value="Oracle Corporation"/>
    <property name="java.awt.graphicsenv" value="sun.awt.CGraphicsEnvironment"/>
    <property name="surefire.real.class.path" value="/Users/yuxiangxia/projects/quarkus-rxia/deployment/target/surefire/surefirebooter804894795594796650.jar"/>
    <property name="sun.management.compiler" value="HotSpot 64-Bit Tiered Compilers"/>
    <property name="ftp.nonProxyHosts" value="local|*.local|169.254/16|*.169.254/16"/>
    <property name="java.runtime.version" value="11.0.8+10-jvmci-20.2-b03"/>
    <property name="user.name" value="yuxiangxia"/>
    <property name="path.separator" value=":"/>
    <property name="os.version" value="10.14.6"/>
    <property name="java.runtime.name" value="OpenJDK Runtime Environment"/>
    <property name="file.encoding" value="UTF-8"/>
    <property name="sun.nio.ch.bugLevel" value=""/>
    <property name="java.vm.name" value="OpenJDK 64-Bit Server VM"/>
    <property name="java.vendor.version" value="GraalVM CE 20.2.0"/>
    <property name="io.netty.noJdkZlibDecoder" value="false"/>
    <property name="localRepository" value="/Users/yuxiangxia/.m2/repository"/>
    <property name="java.vendor.url.bug" value="https://github.com/oracle/graal/issues"/>
    <property name="java.io.tmpdir" value="/var/folders/hr/3_2xz7v919s4_xm6p9__gw2m0000gn/T/"/>
    <property name="quarkus.log.file.path" value="target/quarkus.log"/>
    <property name="java.version" value="11.0.8"/>
    <property name="user.dir" value="/Users/yuxiangxia/projects/quarkus-rxia/deployment"/>
    <property name="os.arch" value="x86_64"/>
    <property name="java.vm.specification.name" value="Java Virtual Machine Specification"/>
    <property name="vertx.disableDnsResolver" value="true"/>
    <property name="java.awt.printerjob" value="sun.lwawt.macosx.CPrinterJob"/>
    <property name="sun.os.patch.level" value="unknown"/>
    <property name="java.util.logging.manager" value="org.jboss.logmanager.LogManager"/>
    <property name="java.library.path" value="/Users/yuxiangxia/Library/Java/Extensions:/Library/Java/Extensions:/Network/Library/Java/Extensions:/System/Library/Java/Extensions:/usr/lib/java:."/>
    <property name="java.vm.info" value="mixed mode, sharing"/>
    <property name="java.vendor" value="GraalVM Community"/>
    <property name="java.vm.version" value="11.0.8+10-jvmci-20.2-b03"/>
    <property name="sun.io.unicode.encoding" value="UnicodeBig"/>
    <property name="io.netty.machineId" value="a8:97:3a:1b:17:6f:7d:d7"/>
    <property name="java.class.version" value="55.0"/>
    <property name="socksNonProxyHosts" value="local|*.local|169.254/16|*.169.254/16"/>
  </properties>
  <testcase name="testGreeting" classname="org.acme.quarkus.rxia.deployment.GreetingTest" time="2.476"/>
</testsuite>